[3/4/2025, 12:13:39 PM] Loaded config.json with 1 accessories and 1 platforms.
[3/4/2025, 12:13:39 PM] Loaded 0 cached accessories from cachedAccessories.
[3/4/2025, 12:13:39 PM] ---
[3/4/2025, 12:13:39 PM] ---
[3/4/2025, 12:13:39 PM] Loaded plugin: homebridge-adguardhome@1.7.3
[3/4/2025, 12:13:39 PM] Registering accessory 'homebridge-adguardhome.AdGuardHome'
[3/4/2025, 12:13:39 PM] ---
[3/4/2025, 12:13:39 PM] ---
[3/4/2025, 12:13:39 PM] Loaded plugin: homebridge-config-ui-x@4.71.2
[3/4/2025, 12:13:39 PM] Registering platform 'homebridge-config-ui-x.config'
[3/4/2025, 12:13:39 PM] ---
[3/4/2025, 12:13:39 PM] ---
[3/4/2025, 12:13:39 PM] ---
[3/4/2025, 12:13:39 PM] Loading 1 platforms...
[3/4/2025, 12:13:39 PM] [Config] Initializing config platform...
[3/4/2025, 12:13:39 PM] [Config] Spawning Homebridge UI with PID 69546
[3/4/2025, 12:13:39 PM] Loading 1 accessories...
[3/4/2025, 12:13:39 PM] [AdGuard Home] Initializing AdGuardHome accessory...
[3/4/2025, 12:13:39 PM] [AdGuard Home] 👏 Finished initializing!
[3/4/2025, 12:13:39 PM] Publishing bridge accessory (name: The Milky Way, publishInfo: {
  username: '0E:E3:2C:D9:A2:8E',
  port: 51218,
  pincode: '***-**-***',
  category: 2,
  bind: [ 'en0', [length]: 1 ],
  mdns: undefined,
  addIdentifyingMaterial: true,
  advertiser: 'bonjour-hap'
}).
Setup Payload:
X-HM://0024PVF0QEUMM
Scan this code with your HomeKit app on your iOS device to pair with Homebridge:
[47m  [0m[47m  [0m[47m  [0m[47m  [0m[47m  [0m[47m  [0m[47m  [0m[47m  [0m[47m  [0m[47m  [0m[47m  [0m[47m  [0m[47m  [0m[47m  [0m[47m  [0m[47m  [0m[47m  [0m[47m  [0m[47m  [0m[47m  [0m[47m  [0m[47m  [0m[47m  [0m[47m  [0m[47m  [0m[47m  [0m[47m  [0m
[47m  [0m[40m  [0m[40m  [0m[40m  [0m[40m  [0m[40m  [0m[40m  [0m[40m  [0m[47m  [0m[47m  [0m[47m  [0m[40m  [0m[47m  [0m[47m  [0m[47m  [0m[47m  [0m[47m  [0m[47m  [0m[47m  [0m[40m  [0m[40m  [0m[40m  [0m[40m  [0m[40m  [0m[40m  [0m[40m  [0m[47m  [0m
[47m  [0m[40m  [0m[47m  [0m[47m  [0m[47m  [0m[47m  [0m[47m  [0m[40m  [0m[47m  [0m[40m  [0m[40m  [0m[40m  [0m[47m  [0m[47m  [0m[47m  [0m[40m  [0m[40m  [0m[47m  [0m[47m  [0m[40m  [0m[47m  [0m[47m  [0m[47m  [0m[47m  [0m[47m  [0m[40m  [0m[47m  [0m
[47m  [0m[40m  [0m[47m  [0m[40m  [0m[40m  [0m[40m  [0m[47m  [0m[40m  [0m[47m  [0m[40m  [0m[47m  [0m[47m  [0m[47m  [0m[47m  [0m[47m  [0m[40m  [0m[47m  [0m[47m  [0m[47m  [0m[40m  [0m[47m  [0m[40m  [0m[40m  [0m[40m  [0m[47m  [0m[40m  [0m[47m  [0m
[47m  [0m[40m  [0m[47m  [0m[40m  [0m[40m  [0m[40m  [0m[47m  [0m[40m  [0m[47m  [0m[47m  [0m[40m  [0m[47m  [0m[47m  [0m[40m  [0m[40m  [0m[40m  [0m[40m  [0m[47m  [0m[47m  [0m[40m  [0m[47m  [0m[40m  [0m[40m  [0m[40m  [0m[47m  [0m[40m  [0m[47m  [0m
[47m  [0m[40m  [0m[47m  [0m[40m  [0m[40m  [0m[40m  [0m[47m  [0m[40m  [0m[47m  [0m[40m  [0m[40m  [0m[40m  [0m[47m  [0m[40m  [0m[47m  [0m[40m  [0m[47m  [0m[40m  [0m[47m  [0m[40m  [0m[47m  [0m[40m  [0m[40m  [0m[40m  [0m[47m  [0m[40m  [0m[47m  [0m
[47m  [0m[40m  [0m[47m  [0m[47m  [0m[47m  [0m[47m  [0m[47m  [0m[40m  [0m[47m  [0m[40m  [0m[47m  [0m[40m  [0m[47m  [0m[40m  [0m[40m  [0m[47m  [0m[40m  [0m[40m  [0m[47m  [0m[40m  [0m[47m  [0m[47m  [0m[47m  [0m[47m  [0m[47m  [0m[40m  [0m[47m  [0m
[47m  [0m[40m  [0m[40m  [0m[40m  [0m[40m  [0m[40m  [0m[40m  [0m[40m  [0m[47m  [0m[40m  [0m[47m  [0m[40m  [0m[47m  [0m[40m  [0m[47m  [0m[40m  [0m[47m  [0m[40m  [0m[47m  [0m[40m  [0m[40m  [0m[40m  [0m[40m  [0m[40m  [0m[40m  [0m[40m  [0m[47m  [0m
[47m  [0m[47m  [0m[47m  [0m[47m  [0m[47m  [0m[47m  [0m[47m  [0m[47m  [0m[47m  [0m[40m  [0m[47m  [0m[40m  [0m[40m  [0m[47m  [0m[47m  [0m[40m  [0m[40m  [0m[40m  [0m[47m  [0m[47m  [0m[47m  [0m[47m  [0m[47m  [0m[47m  [0m[47m  [0m[47m  [0m[47m  [0m
[47m  [0m[40m  [0m[40m  [0m[47m  [0m[40m  [0m[47m  [0m[47m  [0m[40m  [0m[40m  [0m[47m  [0m[47m  [0m[47m  [0m[40m  [0m[40m  [0m[47m  [0m[40m  [0m[47m  [0m[47m  [0m[47m  [0m[40m  [0m[40m  [0m[40m  [0m[47m  [0m[40m  [0m[40m  [0m[47m  [0m[47m  [0m
[47m  [0m[40m  [0m[47m  [0m[40m  [0m[40m  [0m[47m  [0m[47m  [0m[47m  [0m[40m  [0m[47m  [0m[40m  [0m[47m  [0m[40m  [0m[40m  [0m[47m  [0m[47m  [0m[40m  [0m[40m  [0m[47m  [0m[40m  [0m[40m  [0m[47m  [0m[40m  [0m[40m  [0m[40m  [0m[47m  [0m[47m  [0m
[47m  [0m[47m  [0m[47m  [0m[40m  [0m[40m  [0m[40m  [0m[47m  [0m[40m  [0m[40m  [0m[47m  [0m[47m  [0m[47m  [0m[40m  [0m[40m  [0m[40m  [0m[47m  [0m[47m  [0m[47m  [0m[47m  [0m[40m  [0m[40m  [0m[40m  [0m[47m  [0m[47m  [0m[40m  [0m[40m  [0m[47m  [0m
[47m  [0m[47m  [0m[40m  [0m[47m  [0m[40m  [0m[47m  [0m[47m  [0m[47m  [0m[47m  [0m[40m  [0m[40m  [0m[40m  [0m[40m  [0m[40m  [0m[40m  [0m[47m  [0m[40m  [0m[47m  [0m[47m  [0m[40m  [0m[40m  [0m[40m  [0m[47m  [0m[47m  [0m[40m  [0m[47m  [0m[47m  [0m
[47m  [0m[47m  [0m[40m  [0m[47m  [0m[40m  [0m[47m  [0m[40m  [0m[40m  [0m[47m  [0m[40m  [0m[47m  [0m[40m  [0m[40m  [0m[47m  [0m[47m  [0m[40m  [0m[47m  [0m[47m  [0m[47m  [0m[40m  [0m[40m  [0m[47m  [0m[47m  [0m[40m  [0m[40m  [0m[47m  [0m[47m  [0m
[47m  [0m[47m  [0m[47m  [0m[40m  [0m[40m  [0m[47m  [0m[40m  [0m[47m  [0m[47m  [0m[47m  [0m[40m  [0m[47m  [0m[40m  [0m[47m  [0m[40m  [0m[47m  [0m[47m  [0m[40m  [0m[47m  [0m[40m  [0m[47m  [0m[47m  [0m[47m  [0m[47m  [0m[40m  [0m[40m  [0m[47m  [0m
[47m  [0m[40m  [0m[47m  [0m[40m  [0m[40m  [0m[40m  [0m[40m  [0m[40m  [0m[40m  [0m[47m  [0m[47m  [0m[40m  [0m[40m  [0m[47m  [0m[40m  [0m[40m  [0m[47m  [0m[40m  [0m[47m  [0m[40m  [0m[47m  [0m[47m  [0m[40m  [0m[40m  [0m[40m  [0m[40m  [0m[47m  [0m
[47m  [0m[47m  [0m[40m  [0m[47m  [0m[40m  [0m[47m  [0m[47m  [0m[47m  [0m[40m  [0m[47m  [0m[40m  [0m[47m  [0m[40m  [0m[47m  [0m[47m  [0m[47m  [0m[47m  [0m[40m  [0m[40m  [0m[47m  [0m[40m  [0m[47m  [0m[40m  [0m[47m  [0m[40m  [0m[47m  [0m[47m  [0m
[47m  [0m[40m  [0m[40m  [0m[47m  [0m[40m  [0m[40m  [0m[47m  [0m[40m  [0m[40m  [0m[40m  [0m[47m  [0m[47m  [0m[47m  [0m[40m  [0m[40m  [0m[47m  [0m[47m  [0m[40m  [0m[40m  [0m[40m  [0m[40m  [0m[40m  [0m[40m  [0m[40m  [0m[47m  [0m[47m  [0m[47m  [0m
[47m  [0m[47m  [0m[47m  [0m[47m  [0m[47m  [0m[47m  [0m[47m  [0m[47m  [0m[47m  [0m[40m  [0m[40m  [0m[40m  [0m[47m  [0m[40m  [0m[40m  [0m[40m  [0m[40m  [0m[40m  [0m[47m  [0m[47m  [0m[47m  [0m[40m  [0m[40m  [0m[40m  [0m[40m  [0m[47m  [0m[47m  [0m
[47m  [0m[40m  [0m[40m  [0m[40m  [0m[40m  [0m[40m  [0m[40m  [0m[40m  [0m[47m  [0m[40m  [0m[40m  [0m[40m  [0m[40m  [0m[40m  [0m[47m  [0m[40m  [0m[47m  [0m[40m  [0m[47m  [0m[40m  [0m[47m  [0m[40m  [0m[47m  [0m[47m  [0m[40m  [0m[40m  [0m[47m  [0m
[47m  [0m[40m  [0m[47m  [0m[47m  [0m[47m  [0m[47m  [0m[47m  [0m[40m  [0m[47m  [0m[47m  [0m[40m  [0m[40m  [0m[47m  [0m[40m  [0m[47m  [0m[40m  [0m[47m  [0m[40m  [0m[47m  [0m[47m  [0m[47m  [0m[40m  [0m[40m  [0m[40m  [0m[40m  [0m[47m  [0m[47m  [0m
[47m  [0m[40m  [0m[47m  [0m[40m  [0m[40m  [0m[40m  [0m[47m  [0m[40m  [0m[47m  [0m[47m  [0m[47m  [0m[40m  [0m[47m  [0m[47m  [0m[47m  [0m[47m  [0m[47m  [0m[40m  [0m[40m  [0m[40m  [0m[40m  [0m[40m  [0m[47m  [0m[47m  [0m[47m  [0m[40m  [0m[47m  [0m
[47m  [0m[40m  [0m[47m  [0m[40m  [0m[40m  [0m[40m  [0m[47m  [0m[40m  [0m[47m  [0m[40m  [0m[47m  [0m[40m  [0m[40m  [0m[47m  [0m[47m  [0m[40m  [0m[40m  [0m[40m  [0m[47m  [0m[47m  [0m[47m  [0m[40m  [0m[47m  [0m[40m  [0m[47m  [0m[47m  [0m[47m  [0m
[47m  [0m[40m  [0m[47m  [0m[40m  [0m[40m  [0m[40m  [0m[47m  [0m[40m  [0m[47m  [0m[47m  [0m[40m  [0m[47m  [0m[47m  [0m[47m  [0m[47m  [0m[47m  [0m[40m  [0m[47m  [0m[40m  [0m[40m  [0m[40m  [0m[40m  [0m[40m  [0m[40m  [0m[47m  [0m[40m  [0m[47m  [0m
[47m  [0m[40m  [0m[47m  [0m[47m  [0m[47m  [0m[47m  [0m[47m  [0m[40m  [0m[47m  [0m[40m  [0m[40m  [0m[40m  [0m[47m  [0m[47m  [0m[47m  [0m[40m  [0m[47m  [0m[47m  [0m[47m  [0m[47m  [0m[47m  [0m[47m  [0m[40m  [0m[47m  [0m[47m  [0m[47m  [0m[47m  [0m
[47m  [0m[40m  [0m[40m  [0m[40m  [0m[40m  [0m[40m  [0m[40m  [0m[40m  [0m[47m  [0m[40m  [0m[47m  [0m[47m  [0m[47m  [0m[40m  [0m[47m  [0m[47m  [0m[40m  [0m[40m  [0m[47m  [0m[40m  [0m[40m  [0m[47m  [0m[47m  [0m[47m  [0m[40m  [0m[40m  [0m[47m  [0m
[47m  [0m[47m  [0m[47m  [0m[47m  [0m[47m  [0m[47m  [0m[47m  [0m[47m  [0m[47m  [0m[47m  [0m[47m  [0m[47m  [0m[47m  [0m[47m  [0m[47m  [0m[47m  [0m[47m  [0m[47m  [0m[47m  [0m[47m  [0m[47m  [0m[47m  [0m[47m  [0m[47m  [0m[47m  [0m[47m  [0m[47m  [0m
Or enter this code with your HomeKit app on your iOS device to pair with Homebridge:
                       
    ┌────────────┐     
    │ 754-82-826 │     
    └────────────┘     
                       
[3/4/2025, 12:13:39 PM] Homebridge v1.9.0 (HAP v0.12.3) (The Milky Way) is running on port 51218.
[3/4/2025, 12:13:47 PM] [AdGuard Home] 🤷 AdGuard Home is offline or unreachable
